<?xml version="1.0" encoding="UTF-8"?>
<!-- Generated by org.testng.reporters.JUnitReportReporter -->
<testsuite hostname="PRINHYLTPDL0744" name="com.gateway.tests.HappyPathRunVerifications" tests="1" failures="0" timestamp="19 Jan 2017 07:33:54 GMT" time="43.004" errors="0">
  <testcase name="VerifyGraphs" time="43.004" classname="com.gateway.tests.HappyPathRunVerifications"/>
</testsuite> <!-- com.gateway.tests.HappyPathRunVerifications -->
