<?xml version="1.0" encoding="UTF-8"?>
<!-- Generated by org.testng.reporters.JUnitReportReporter -->
<testsuite hostname="PRINHYLTPDL0744" name="com.gateway.tests.FirstTest2" tests="2" failures="0" timestamp="6 Jan 2017 08:01:00 GMT" time="32.981" errors="0">
  <testcase name="firsttest" time="16.431" classname="com.gateway.tests.FirstTest2"/>
  <testcase name="secondtest" time="16.550" classname="com.gateway.tests.FirstTest2"/>
</testsuite> <!-- com.gateway.tests.FirstTest2 -->
