<?xml version="1.0" encoding="UTF-8"?>
<!-- Generated by org.testng.reporters.JUnitReportReporter -->
<testsuite hostname="PRINHYLTPDL0744" name="com.gateway.tests.HappyPathTests" tests="1" failures="0" timestamp="7 Feb 2017 06:20:47 GMT" time="101.149" errors="0">
  <testcase name="packageCreation" time="101.149" classname="com.gateway.tests.HappyPathTests"/>
</testsuite> <!-- com.gateway.tests.HappyPathTests -->
