<?xml version="1.0" encoding="UTF-8"?>
<!-- Generated by org.testng.reporters.JUnitReportReporter -->
<testsuite hostname="PRINHYLTPDL0744" name="com.gateway.tests.HappyPathRunTimeTests" tests="2" failures="0" timestamp="19 Jan 2017 11:44:49 GMT" time="10.111" errors="0">
  <testcase name="RuntimeHit_get" time="6.009" classname="com.gateway.tests.HappyPathRunTimeTests"/>
  <testcase name="RuntimeHit_post" time="4.102" classname="com.gateway.tests.HappyPathRunTimeTests"/>
</testsuite> <!-- com.gateway.tests.HappyPathRunTimeTests -->
