<?xml version="1.0" encoding="UTF-8"?>
<!-- Generated by org.testng.reporters.JUnitReportReporter -->
<testsuite hostname="PRINHYLTPDL0744" name="com.gateway.utility.Driver" tests="1" failures="0" timestamp="4 Jan 2017 11:10:03 GMT" time="0.002" errors="0">
  <testcase name="dummy" time="0.002" classname="com.gateway.utility.Driver"/>
</testsuite> <!-- com.gateway.utility.Driver -->
