<?xml version="1.0" encoding="UTF-8"?>
<!-- Generated by org.testng.reporters.JUnitReportReporter -->
<testsuite hostname="PRINHYLTPDL0744" name="com.gateway.tests.HappyPathPortalTests" tests="1" failures="0" timestamp="17 Jan 2017 12:51:24 GMT" time="57.500" errors="0">
  <testcase name="SubscribePlan" time="57.500" classname="com.gateway.tests.HappyPathPortalTests"/>
</testsuite> <!-- com.gateway.tests.HappyPathPortalTests -->
