<?xml version="1.0" encoding="UTF-8"?>
<!-- Generated by org.testng.reporters.JUnitReportReporter -->
<testsuite hostname="PRINHYLTPDL0744" name="com.gateway.tests.HappyPathTests" tests="7" failures="0" timestamp="17 Jan 2017 12:01:51 GMT" time="452.967" errors="0">
  <testcase name="ApprovePlan" time="46.557" classname="com.gateway.tests.HappyPathTests"/>
  <testcase name="quickPublish" time="45.129" classname="com.gateway.tests.HappyPathTests"/>
  <testcase name="packageCreation" time="71.864" classname="com.gateway.tests.HappyPathTests"/>
  <testcase name="environmentCreation" time="49.754" classname="com.gateway.tests.HappyPathTests"/>
  <testcase name="planCreation" time="90.914" classname="com.gateway.tests.HappyPathTests"/>
  <testcase name="packageTemplateCreation" time="90.260" classname="com.gateway.tests.HappyPathTests"/>
  <testcase name="DeployPackageToEnvironment" time="58.489" classname="com.gateway.tests.HappyPathTests"/>
</testsuite> <!-- com.gateway.tests.HappyPathTests -->
