<?xml version="1.0" encoding="UTF-8"?>
<!-- Generated by org.testng.reporters.JUnitReportReporter -->
<testsuite hostname="PRINHYLTPDL0744" name="com.gateway.tests.CreatePackage" tests="1" failures="0" timestamp="10 Jan 2017 06:13:44 GMT" time="104.548" errors="0">
  <testcase name="packageCreation" time="104.548" classname="com.gateway.tests.CreatePackage"/>
</testsuite> <!-- com.gateway.tests.CreatePackage -->
