<?xml version="1.0" encoding="UTF-8"?>
<!-- Generated by org.testng.reporters.JUnitReportReporter -->
<testsuite hostname="PRINHYLTPDL0744" name="com.gateway.tests.FirstTest3" tests="1" failures="0" timestamp="4 Jan 2017 10:59:33 GMT" time="53.933" errors="0">
  <testcase name="firsttest" time="53.933" classname="com.gateway.tests.FirstTest3"/>
</testsuite> <!-- com.gateway.tests.FirstTest3 -->
